This is pdfTeX, Version 3.14159265-2.6-1.40.16 (TeX Live 2015/Debian) (preloaded format=pdflatex 2018.3.4)  5 DEC 2018 15:18
entering extended mode
 restricted \write18 enabled.
 %&-line parsing enabled.
**report.tex
(./report.tex
LaTeX2e <2016/02/01>
Babel <3.9q> and hyphenation patterns for 81 language(s) loaded.
(./llncs.cls
Document Class: llncs 2018/03/10 v2.20 
 LaTeX document class for Lecture Notes in Computer Science
(/usr/share/texlive/texmf-dist/tex/latex/base/article.cls
Document Class: article 2014/09/29 v1.4h Standard LaTeX document class
(/usr/share/texlive/texmf-dist/tex/latex/base/size10.clo
File: size10.clo 2014/09/29 v1.4h Standard LaTeX file (size option)
)
\c@part=\count79
\c@section=\count80
\c@subsection=\count81
\c@subsubsection=\count82
\c@paragraph=\count83
\c@subparagraph=\count84
\c@figure=\count85
\c@table=\count86
\abovecaptionskip=\skip41
\belowcaptionskip=\skip42
\bibindent=\dimen102
)
(/usr/share/texlive/texmf-dist/tex/latex/tools/multicol.sty
Package: multicol 2015/08/19 v1.8n multicolumn formatting (FMi)
\c@tracingmulticols=\count87
\mult@box=\box26
\multicol@leftmargin=\dimen103
\c@unbalance=\count88
\c@collectmore=\count89
\doublecol@number=\count90
\multicoltolerance=\count91
\multicolpretolerance=\count92
\full@width=\dimen104
\page@free=\dimen105
\premulticols=\dimen106
\postmulticols=\dimen107
\multicolsep=\skip43
\multicolbaselineskip=\skip44
\partial@page=\box27
\last@line=\box28
\maxbalancingoverflow=\dimen108
\mult@rightbox=\box29
\mult@grightbox=\box30
\mult@gfirstbox=\box31
\mult@firstbox=\box32
\@tempa=\box33
\@tempa=\box34
\@tempa=\box35
\@tempa=\box36
\@tempa=\box37
\@tempa=\box38
\@tempa=\box39
\@tempa=\box40
\@tempa=\box41
\@tempa=\box42
\@tempa=\box43
\@tempa=\box44
\@tempa=\box45
\@tempa=\box46
\@tempa=\box47
\@tempa=\box48
\@tempa=\box49
\c@columnbadness=\count93
\c@finalcolumnbadness=\count94
\last@try=\dimen109
\multicolovershoot=\dimen110
\multicolundershoot=\dimen111
\mult@nat@firstbox=\box50
\colbreak@box=\box51
\mc@col@check@num=\count95
)
(/usr/share/texlive/texmf-dist/tex/latex/oberdiek/aliascnt.sty
Package: aliascnt 2009/09/08 v1.3 Alias counters (HO)

(/usr/share/texlive/texmf-dist/tex/latex/carlisle/remreset.sty))
\c@chapter=\count96
LaTeX Font Info:    Redeclaring math symbol \Gamma on input line 362.
LaTeX Font Info:    Redeclaring math symbol \Delta on input line 363.
LaTeX Font Info:    Redeclaring math symbol \Theta on input line 364.
LaTeX Font Info:    Redeclaring math symbol \Lambda on input line 365.
LaTeX Font Info:    Redeclaring math symbol \Xi on input line 366.
LaTeX Font Info:    Redeclaring math symbol \Pi on input line 367.
LaTeX Font Info:    Redeclaring math symbol \Sigma on input line 368.
LaTeX Font Info:    Redeclaring math symbol \Upsilon on input line 369.
LaTeX Font Info:    Redeclaring math symbol \Phi on input line 370.
LaTeX Font Info:    Redeclaring math symbol \Psi on input line 371.
LaTeX Font Info:    Redeclaring math symbol \Omega on input line 372.
\tocchpnum=\dimen112
\tocsecnum=\dimen113
\tocsectotal=\dimen114
\tocsubsecnum=\dimen115
\tocsubsectotal=\dimen116
\tocsubsubsecnum=\dimen117
\tocsubsubsectotal=\dimen118
\tocparanum=\dimen119
\tocparatotal=\dimen120
\tocsubparanum=\dimen121
\@tempcntc=\count97
\fnindent=\dimen122
\c@@inst=\count98
\c@@auth=\count99
\c@auco=\count100
\instindent=\dimen123
\authrun=\box52
\authorrunning=\toks14
\tocauthor=\toks15
\titrun=\box53
\titlerunning=\toks16
\toctitle=\toks17
\c@theorem=\count101
\c@case=\count102
\c@conjecture=\count103
\c@corollary=\count104
\c@definition=\count105
\c@example=\count106
\c@exercise=\count107
\c@lemma=\count108
\c@note=\count109
\c@problem=\count110
\c@property=\count111
\c@proposition=\count112
\c@question=\count113
\c@solution=\count114
\c@remark=\count115
\headlineindent=\dimen124
)
(/usr/share/texlive/texmf-dist/tex/latex/graphics/graphicx.sty
Package: graphicx 2014/10/28 v1.0g Enhanced LaTeX Graphics (DPC,SPQR)

(/usr/share/texlive/texmf-dist/tex/latex/graphics/keyval.sty
Package: keyval 2014/10/28 v1.15 key=value parser (DPC)
\KV@toks@=\toks18
)
(/usr/share/texlive/texmf-dist/tex/latex/graphics/graphics.sty
Package: graphics 2016/01/03 v1.0q Standard LaTeX Graphics (DPC,SPQR)

(/usr/share/texlive/texmf-dist/tex/latex/graphics/trig.sty
Package: trig 2016/01/03 v1.10 sin cos tan (DPC)
)
(/usr/share/texlive/texmf-dist/tex/latex/latexconfig/graphics.cfg
File: graphics.cfg 2010/04/23 v1.9 graphics configuration of TeX Live
)
Package graphics Info: Driver file: pdftex.def on input line 95.

(/usr/share/texlive/texmf-dist/tex/latex/pdftex-def/pdftex.def
File: pdftex.def 2011/05/27 v0.06d Graphics/color for pdfTeX

(/usr/share/texlive/texmf-dist/tex/generic/oberdiek/infwarerr.sty
Package: infwarerr 2010/04/08 v1.3 Providing info/warning/error messages (HO)
)
(/usr/share/texlive/texmf-dist/tex/generic/oberdiek/ltxcmds.sty
Package: ltxcmds 2011/11/09 v1.22 LaTeX kernel commands for general use (HO)
)
\Gread@gobject=\count116
))
\Gin@req@height=\dimen125
\Gin@req@width=\dimen126
)
(/usr/share/texlive/texmf-dist/tex/latex/appendix/appendix.sty
Package: appendix 2009/09/02 v1.2b extra appendix facilities
\c@@pps=\count117
\c@@ppsavesec=\count118
\c@@ppsaveapp=\count119
)
(/usr/share/texlive/texmf-dist/tex/latex/tools/tabularx.sty
Package: tabularx 2014/10/28 v2.10 `tabularx' package (DPC)

(/usr/share/texlive/texmf-dist/tex/latex/tools/array.sty
Package: array 2014/10/28 v2.4c Tabular extension package (FMi)
\col@sep=\dimen127
\extrarowheight=\dimen128
\NC@list=\toks19
\extratabsurround=\skip45
\backup@length=\skip46
)
\TX@col@width=\dimen129
\TX@old@table=\dimen130
\TX@old@col=\dimen131
\TX@target=\dimen132
\TX@delta=\dimen133
\TX@cols=\count120
\TX@ftn=\toks20
) (./report.aux)
\openout1 = `report.aux'.

LaTeX Font Info:    Checking defaults for OML/cmm/m/it on input line 6.
LaTeX Font Info:    ... okay on input line 6.
LaTeX Font Info:    Checking defaults for T1/cmr/m/n on input line 6.
LaTeX Font Info:    ... okay on input line 6.
LaTeX Font Info:    Checking defaults for OT1/cmr/m/n on input line 6.
LaTeX Font Info:    ... okay on input line 6.
LaTeX Font Info:    Checking defaults for OMS/cmsy/m/n on input line 6.
LaTeX Font Info:    ... okay on input line 6.
LaTeX Font Info:    Checking defaults for OMX/cmex/m/n on input line 6.
LaTeX Font Info:    ... okay on input line 6.
LaTeX Font Info:    Checking defaults for U/cmr/m/n on input line 6.
LaTeX Font Info:    ... okay on input line 6.

(/usr/share/texlive/texmf-dist/tex/context/base/supp-pdf.mkii
[Loading MPS to PDF converter (version 2006.09.02).]
\scratchcounter=\count121
\scratchdimen=\dimen134
\scratchbox=\box54
\nofMPsegments=\count122
\nofMParguments=\count123
\everyMPshowfont=\toks21
\MPscratchCnt=\count124
\MPscratchDim=\dimen135
\MPnumerator=\count125
\makeMPintoPDFobject=\count126
\everyMPtoPDFconversion=\toks22
) (/usr/share/texlive/texmf-dist/tex/generic/oberdiek/pdftexcmds.sty
Package: pdftexcmds 2011/11/29 v0.20 Utility functions of pdfTeX for LuaTeX (HO
)

(/usr/share/texlive/texmf-dist/tex/generic/oberdiek/ifluatex.sty
Package: ifluatex 2010/03/01 v1.3 Provides the ifluatex switch (HO)
Package ifluatex Info: LuaTeX not detected.
)
(/usr/share/texlive/texmf-dist/tex/generic/oberdiek/ifpdf.sty
Package: ifpdf 2011/01/30 v2.3 Provides the ifpdf switch (HO)
Package ifpdf Info: pdfTeX in PDF mode is detected.
)
Package pdftexcmds Info: LuaTeX not detected.
Package pdftexcmds Info: \pdf@primitive is available.
Package pdftexcmds Info: \pdf@ifprimitive is available.
Package pdftexcmds Info: \pdfdraftmode found.
)
(/usr/share/texlive/texmf-dist/tex/latex/oberdiek/epstopdf-base.sty
Package: epstopdf-base 2010/02/09 v2.5 Base part for package epstopdf

(/usr/share/texlive/texmf-dist/tex/latex/oberdiek/grfext.sty
Package: grfext 2010/08/19 v1.1 Manage graphics extensions (HO)

(/usr/share/texlive/texmf-dist/tex/generic/oberdiek/kvdefinekeys.sty
Package: kvdefinekeys 2011/04/07 v1.3 Define keys (HO)
))
(/usr/share/texlive/texmf-dist/tex/latex/oberdiek/kvoptions.sty
Package: kvoptions 2011/06/30 v3.11 Key value format for package options (HO)

(/usr/share/texlive/texmf-dist/tex/generic/oberdiek/kvsetkeys.sty
Package: kvsetkeys 2012/04/25 v1.16 Key value parser (HO)

(/usr/share/texlive/texmf-dist/tex/generic/oberdiek/etexcmds.sty
Package: etexcmds 2011/02/16 v1.5 Avoid name clashes with e-TeX commands (HO)
Package etexcmds Info: Could not find \expanded.
(etexcmds)             That can mean that you are not using pdfTeX 1.50 or
(etexcmds)             that some package has redefined \expanded.
(etexcmds)             In the latter case, load this package earlier.
)))
Package grfext Info: Graphics extension search list:
(grfext)             [.png,.pdf,.jpg,.mps,.jpeg,.jbig2,.jb2,.PNG,.PDF,.JPG,.JPE
G,.JBIG2,.JB2,.eps]
(grfext)             \AppendGraphicsExtensions on input line 452.

(/usr/share/texlive/texmf-dist/tex/latex/latexconfig/epstopdf-sys.cfg
File: epstopdf-sys.cfg 2010/07/13 v1.3 Configuration of (r)epstopdf for TeX Liv
e
))
LaTeX Font Info:    External font `cmex10' loaded for size
(Font)              <7> on input line 11.
LaTeX Font Info:    External font `cmex10' loaded for size
(Font)              <5> on input line 11.

[1

{/var/lib/texmf/fonts/map/pdftex/updmap/pdftex.map}] [2]
<./img/schema.png, id=15, 594.22pt x 272.01625pt>
File: ./img/schema.png Graphic file (type png)
 <use ./img/schema.png>
Package pdftex.def Info: ./img/schema.png used on input line 31.
(pdftex.def)             Requested size: 260.34265pt x 119.18114pt.

<./img/dialog.png, id=16, 361.35pt x 351.3125pt>
File: ./img/dialog.png Graphic file (type png)
 <use ./img/dialog.png>
Package pdftex.def Info: ./img/dialog.png used on input line 43.
(pdftex.def)             Requested size: 173.56177pt x 168.74065pt.

[3 <./img/schema.png>] <./img/styleguide.png, id=20, 580.1675pt x 374.39874pt>
File: ./img/styleguide.png Graphic file (type png)

<use ./img/styleguide.png>
Package pdftex.def Info: ./img/styleguide.png used on input line 52.
(pdftex.def)             Requested size: 260.34265pt x 168.00941pt.
 [4 <./img/dialog.png> <./img/styleguide.png>]
[5] [6] [7]
Underfull \hbox (badness 10000) in paragraph at lines 86--87
[]\OT1/cmr/m/n/9 Material De-sign. (2018). In-tro-duc-tion. [on-line] Avail-abl
e at:
 []


Overfull \hbox (4.90457pt too wide) in paragraph at lines 101--102
[]\OT1/cmr/bx/n/10 FR5 \OT1/cmr/m/n/10 - Al-low user to change lan-guage pref-e
r-ences, the user should be prompted
 []

[8]
Underfull \hbox (badness 10000) in paragraph at lines 149--149
[]|\OT1/cmr/m/n/9 Verify that
 []


Underfull \hbox (badness 10000) in paragraph at lines 149--149
\OT1/cmr/m/n/9 when app
 []


Underfull \hbox (badness 10000) in paragraph at lines 149--149
\OT1/cmr/m/n/9 is launched
 []


Underfull \hbox (badness 10000) in paragraph at lines 149--149
\OT1/cmr/m/n/9 with-out any
 []


Underfull \hbox (badness 10000) in paragraph at lines 149--149
\OT1/cmr/m/n/9 pref-er-ences
 []


Underfull \hbox (badness 10000) in paragraph at lines 149--149
[]|\OT1/cmr/m/n/9 Check that
 []


Underfull \hbox (badness 10000) in paragraph at lines 149--149
\OT1/cmr/m/n/9 lan-guage pref-
 []


Underfull \hbox (badness 10000) in paragraph at lines 149--149
\OT1/cmr/m/n/9 in-putted and
 []


Underfull \hbox (badness 10000) in paragraph at lines 149--149
[]|\OT1/cmr/m/n/9 Type valid
 []


Underfull \hbox (badness 2318) in paragraph at lines 149--149
\OT1/cmr/m/n/9 lan-guage in-put
 []


Underfull \hbox (badness 10000) in paragraph at lines 149--149
[]|\OT1/cmr/m/n/9 Preferences
 []


Underfull \hbox (badness 2042) in paragraph at lines 149--149
\OT1/cmr/m/n/9 are saved into
 []


Underfull \hbox (badness 10000) in paragraph at lines 149--149
[]|\OT1/cmr/m/n/9 Check that
 []


Underfull \hbox (badness 2318) in paragraph at lines 149--149
\OT1/cmr/m/n/9 lan-guage in-put
 []


Underfull \hbox (badness 10000) in paragraph at lines 149--149
[]|\OT1/cmr/m/n/9 Start typ-ing
 []


Underfull \hbox (badness 10000) in paragraph at lines 149--149
\OT1/cmr/m/n/9 into lan-guage
 []


Underfull \hbox (badness 10000) in paragraph at lines 149--149
[]|\OT1/cmr/m/n/9 After two
 []


Underfull \hbox (badness 10000) in paragraph at lines 149--149
\OT1/cmr/m/n/9 char-ac-ters are
 []


Underfull \hbox (badness 10000) in paragraph at lines 149--149
\OT1/cmr/m/n/9 en-tered, a
 []


Underfull \hbox (badness 3088) in paragraph at lines 149--149
\OT1/cmr/m/n/9 popup ap-pears
 []


Underfull \hbox (badness 10000) in paragraph at lines 149--149
\OT1/cmr/m/n/9 with lan-guage
 []


Underfull \hbox (badness 10000) in paragraph at lines 149--149
[]|\OT1/cmr/m/n/9 Check that
 []


Underfull \hbox (badness 10000) in paragraph at lines 149--149
\OT1/cmr/m/n/9 for lan-guage
 []


Underfull \hbox (badness 10000) in paragraph at lines 149--149
\OT1/cmr/m/n/9 pref-er-ence is
 []


Underfull \hbox (badness 10000) in paragraph at lines 149--149
\OT1/cmr/m/n/9 work-ing cor-
 []


Underfull \hbox (badness 10000) in paragraph at lines 149--149
[]|\OT1/cmr/m/n/9 Provide in-
 []


Underfull \hbox (badness 10000) in paragraph at lines 149--149
\OT1/cmr/m/n/9 valid in-put
 []


Underfull \hbox (badness 10000) in paragraph at lines 149--149
\OT1/cmr/m/n/9 as lan-guage
 []


Underfull \hbox (badness 4872) in paragraph at lines 149--149
\OT1/cmr/m/n/9 pref-er-ence and
 []


Underfull \hbox (badness 10000) in paragraph at lines 149--149
[]|\OT1/cmr/m/n/9 Error mes-sage
 []


Underfull \hbox (badness 10000) in paragraph at lines 149--149
[]|\OT1/cmr/m/n/9 Check that
 []


Underfull \hbox (badness 10000) in paragraph at lines 149--149
\OT1/cmr/m/n/9 lan-guage pref-
 []


Underfull \hbox (badness 10000) in paragraph at lines 149--149
[]|\OT1/cmr/m/n/9 Press 'change
 []


Underfull \hbox (badness 7326) in paragraph at lines 149--149
\OT1/cmr/m/n/9 lan-guage' but-
 []


Underfull \hbox (badness 10000) in paragraph at lines 149--149
[]|\OT1/cmr/m/n/9 Current pref-
 []


Underfull \hbox (badness 10000) in paragraph at lines 149--149
\OT1/cmr/m/n/9 er-ences are
 []


Underfull \hbox (badness 10000) in paragraph at lines 149--149
[]|\OT1/cmr/m/n/9 Check that
 []


Underfull \hbox (badness 10000) in paragraph at lines 149--149
\OT1/cmr/m/n/9 chang-ing lan-
 []


Underfull \hbox (badness 10000) in paragraph at lines 149--149
\OT1/cmr/m/n/9 guage pref-
 []


Underfull \hbox (badness 10000) in paragraph at lines 149--149
\OT1/cmr/m/n/9 er-ences also
 []


Underfull \hbox (badness 10000) in paragraph at lines 149--149
\OT1/cmr/m/n/9 deletes vo-cab-
 []


Underfull \hbox (badness 3657) in paragraph at lines 149--149
\OT1/cmr/m/n/9 u-lary list and
 []


Underfull \hbox (badness 10000) in paragraph at lines 149--149
[]|\OT1/cmr/m/n/9 Change the
 []


Underfull \hbox (badness 10000) in paragraph at lines 149--149
\OT1/cmr/m/n/9 lan-guage pref-
 []


Underfull \hbox (badness 10000) in paragraph at lines 149--149
\OT1/cmr/m/n/9 er-ences whilst
 []


Underfull \hbox (badness 7631) in paragraph at lines 149--149
\OT1/cmr/m/n/9 there are en-
 []


Underfull \hbox (badness 10000) in paragraph at lines 149--149
\OT1/cmr/m/n/9 tries in the
 []


Underfull \hbox (badness 10000) in paragraph at lines 149--149
\OT1/cmr/m/n/9 and prac-tice
 []


Underfull \hbox (badness 10000) in paragraph at lines 149--149
\OT1/cmr/m/n/9 overview stats
 []


Underfull \hbox (badness 10000) in paragraph at lines 149--149
[]|\OT1/cmr/m/n/9 Check that
 []


Underfull \hbox (badness 3098) in paragraph at lines 149--149
\OT1/cmr/m/n/9 vo-cab-u-lary list
 []


Underfull \hbox (badness 2503) in paragraph at lines 149--149
\OT1/cmr/m/n/9 along with all
 []


Underfull \hbox (badness 10000) in paragraph at lines 149--149
\OT1/cmr/m/n/9 en-try' but-ton
 []


Underfull \hbox (badness 1028) in paragraph at lines 149--149
[]|\OT1/cmr/m/n/9 Press the 'add
 []


Underfull \hbox (badness 2726) in paragraph at lines 149--149
[]|\OT1/cmr/m/n/9 A di-a-log with
 []


Underfull \hbox (badness 3189) in paragraph at lines 149--149
\OT1/cmr/m/n/9 vo-cab-u-lary en-
 []


Underfull \hbox (badness 1092) in paragraph at lines 149--149
\OT1/cmr/m/n/9 tries are prop-
 []


Underfull \hbox (badness 1028) in paragraph at lines 149--149
[]|\OT1/cmr/m/n/9 Press the 'add
 []


Underfull \hbox (badness 2103) in paragraph at lines 149--149
\OT1/cmr/m/n/9 ton and in-put
 []


Underfull \hbox (badness 10000) in paragraph at lines 149--149
[]|\OT1/cmr/m/n/9 New en-try
 []


Underfull \hbox (badness 10000) in paragraph at lines 149--149
\OT1/cmr/m/n/9 is saved to
 []


Underfull \hbox (badness 10000) in paragraph at lines 149--149
[]|\OT1/cmr/m/n/9 Verify that
 []


Underfull \hbox (badness 10000) in paragraph at lines 149--149
\OT1/cmr/m/n/9 for new vo-
 []


Underfull \hbox (badness 4899) in paragraph at lines 149--149
\OT1/cmr/m/n/9 cab-u-lary en-try
 []


Underfull \hbox (badness 2103) in paragraph at lines 149--149
[]|\OT1/cmr/m/n/9 Submit an in-
 []


Underfull \hbox (badness 10000) in paragraph at lines 149--149
[]|\OT1/cmr/m/n/9 Error mes-sage
 []


Underfull \hbox (badness 10000) in paragraph at lines 149--149
\OT1/cmr/m/n/9 is dis-played
 []


LaTeX Warning: Float too large for page by 79.66165pt on input line 150.

[9] [10]
Underfull \hbox (badness 10000) in paragraph at lines 179--179
[]|\OT1/cmr/m/n/9 All vo-cab-u-lary
 []


Underfull \hbox (badness 10000) in paragraph at lines 179--179
\OT1/cmr/m/n/9 dis-played in a
 []


Underfull \hbox (badness 1565) in paragraph at lines 179--179
[]|\OT1/cmr/m/n/9 Naviagte to 'vo-
 []


Underfull \hbox (badness 10000) in paragraph at lines 179--179
[]|\OT1/cmr/m/n/9 All en-tries are
 []


Underfull \hbox (badness 1810) in paragraph at lines 179--179
\OT1/cmr/m/n/9 present and dis-
 []


Underfull \hbox (badness 10000) in paragraph at lines 179--179
[]|\OT1/cmr/m/n/9 Check that
 []


Underfull \hbox (badness 10000) in paragraph at lines 179--179
\OT1/cmr/m/n/9 deleted vo-cab-u-
 []


Underfull \hbox (badness 3884) in paragraph at lines 179--179
\OT1/cmr/m/n/9 lary en-tries can
 []


Underfull \hbox (badness 2884) in paragraph at lines 179--179
\OT1/cmr/m/n/9 be re-trieved via
 []


Underfull \hbox (badness 3302) in paragraph at lines 179--179
[]|\OT1/cmr/m/n/9 Delete a vo-cab-
 []


Underfull \hbox (badness 3138) in paragraph at lines 179--179
\OT1/cmr/m/n/9 u-lary en-try and
 []


Underfull \hbox (badness 5105) in paragraph at lines 179--179
\OT1/cmr/m/n/9 press 'undo' on
 []


Underfull \hbox (badness 3108) in paragraph at lines 179--179
\OT1/cmr/m/n/9 is re-added into
 []


Underfull \hbox (badness 5533) in paragraph at lines 179--179
[]|\OT1/cmr/m/n/9 Press the 'sort'
 []


Underfull \hbox (badness 2426) in paragraph at lines 179--179
\OT1/cmr/m/n/9 but-ton and sort
 []


Underfull \hbox (badness 10000) in paragraph at lines 179--179
[]|\OT1/cmr/m/n/9 The list has
 []


Underfull \hbox (badness 10000) in paragraph at lines 179--179
\OT1/cmr/m/n/9 changed or-der
 []


Underfull \hbox (badness 10000) in paragraph at lines 179--179
\OT1/cmr/m/n/9 ing on sort-ing
 []


Underfull \hbox (badness 6001) in paragraph at lines 179--179
[]|\OT1/cmr/m/n/9 Check that the
 []


Underfull \hbox (badness 6001) in paragraph at lines 179--179
[]|\OT1/cmr/m/n/9 Check that the
 []


Underfull \hbox (badness 10000) in paragraph at lines 179--179
\OT1/cmr/m/n/9 user can view
 []


Underfull \hbox (badness 2027) in paragraph at lines 179--179
[]|\OT1/cmr/m/n/9 Check that user
 []


Underfull \hbox (badness 10000) in paragraph at lines 179--179
\OT1/cmr/m/n/9 can view their
 []


Underfull \hbox (badness 10000) in paragraph at lines 179--179
\OT1/cmr/m/n/9 best prac-tice
 []


Underfull \hbox (badness 10000) in paragraph at lines 179--179
[]|\OT1/cmr/m/n/9 Navigate to
 []


Underfull \hbox (badness 10000) in paragraph at lines 179--179
\OT1/cmr/m/n/9 'practice-
 []


Underfull \hbox (badness 2027) in paragraph at lines 179--179
[]|\OT1/cmr/m/n/9 Check that user
 []


Underfull \hbox (badness 10000) in paragraph at lines 179--179
\OT1/cmr/m/n/9 can view their
 []


Underfull \hbox (badness 10000) in paragraph at lines 179--179
\OT1/cmr/m/n/9 av-er-age prat-ice
 []


Underfull \hbox (badness 10000) in paragraph at lines 179--179
[]|\OT1/cmr/m/n/9 Navigate to
 []


Underfull \hbox (badness 10000) in paragraph at lines 179--179
\OT1/cmr/m/n/9 'practice-
 []


Underfull \hbox (badness 3557) in paragraph at lines 179--179
[]|\OT1/cmr/m/n/9 Correect av-er-age
 []


Underfull \hbox (badness 2027) in paragraph at lines 179--179
[]|\OT1/cmr/m/n/9 Check that user
 []


Underfull \hbox (badness 1521) in paragraph at lines 179--179
[]|\OT1/cmr/m/n/9 Press 'start new
 []


Underfull \hbox (badness 5607) in paragraph at lines 179--179
[]|\OT1/cmr/m/n/9 A new prac-tice
 []


Underfull \hbox (badness 2913) in paragraph at lines 179--179
[]|\OT1/cmr/m/n/9 Check that cor-
 []


Underfull \hbox (badness 7595) in paragraph at lines 179--179
\OT1/cmr/m/n/9 rect num-ber of
 []


Underfull \hbox (badness 10000) in paragraph at lines 179--179
\OT1/cmr/m/n/9 vo-cab-u-lary en-
 []


Underfull \hbox (badness 6001) in paragraph at lines 179--179
[]|\OT1/cmr/m/n/9 Check that the
 []


Underfull \hbox (badness 2469) in paragraph at lines 197--197
[]|\OT1/cmr/m/n/9 Check that cur-
 []


Underfull \hbox (badness 1275) in paragraph at lines 197--197
[]|\OT1/cmr/m/n/9 Press the 'aban-
 []


Underfull \hbox (badness 10000) in paragraph at lines 197--197
\OT1/cmr/m/n/9 don' but-ton or
 []


Underfull \hbox (badness 1715) in paragraph at lines 197--197
\OT1/cmr/m/n/9 ton and con-firm
 []


Underfull \hbox (badness 1127) in paragraph at lines 197--197
[]|\OT1/cmr/m/n/9 The prac-tice ac-
 []


Underfull \hbox (badness 1009) in paragraph at lines 197--197
[]|\OT1/cmr/m/n/9 Results di-a-log is
 []


Underfull \hbox (badness 1460) in paragraph at lines 197--197
\OT1/cmr/m/n/9 rect an-swers are
 []


Underfull \hbox (badness 10000) in paragraph at lines 197--197
\OT1/cmr/m/n/9 and cor-rec-tions
 []


Underfull \hbox (badness 5939) in paragraph at lines 197--197
[]|\OT1/cmr/m/n/9 Dismiss the re-
 []


Underfull \hbox (badness 5970) in paragraph at lines 197--197
[]|\OT1/cmr/m/n/9 Practice ac-tiv-ity
 []

[11] [12] (./report.aux) ) 
Here is how much of TeX's memory you used:
 2120 strings out of 493029
 29077 string characters out of 6136235
 114688 words of memory out of 5000000
 5640 multiletter control sequences out of 15000+600000
 7456 words of font info for 27 fonts, out of 8000000 for 9000
 1141 hyphenation exceptions out of 8191
 38i,9n,23p,1658b,316s stack positions out of 5000i,500n,10000p,200000b,80000s
</usr/share/texlive/texmf-dist/fonts/type1/public/ams
fonts/cm/cmbx10.pfb></usr/share/texlive/texmf-dist/fonts/type1/public/amsfonts/
cm/cmbx12.pfb></usr/share/texlive/texmf-dist/fonts/type1/public/amsfonts/cm/cmb
x9.pfb></usr/share/texlive/texmf-dist/fonts/type1/public/amsfonts/cm/cmr10.pfb>
</usr/share/texlive/texmf-dist/fonts/type1/public/amsfonts/cm/cmr9.pfb></usr/sh
are/texlive/texmf-dist/fonts/type1/public/amsfonts/cm/cmtt9.pfb>
Output written on report.pdf (12 pages, 173994 bytes).
PDF statistics:
 70 PDF objects out of 1000 (max. 8388607)
 46 compressed objects within 1 object stream
 0 named destinations out of 1000 (max. 500000)
 16 words of extra memory for PDF output out of 10000 (max. 10000000)

